Started GET "/" for ::1 at 2017-03-19 12:49:02 -0400
Processing by Rails::WelcomeController#index as HTML
  Parameters: {"internal"=>true}
  Rendering vendor/ruby/2.2.0/gems/railties-5.0.2/lib/rails/templates/rails/welcome/index.html.erb
  Rendered vendor/ruby/2.2.0/gems/railties-5.0.2/lib/rails/templates/rails/welcome/index.html.erb (5.5ms)
Completed 200 OK in 297ms (Views: 199.5ms | ActiveRecord: 0.0ms)


Started GET "/" for ::1 at 2017-04-02 17:19:53 -0400
Processing by Rails::WelcomeController#index as HTML
  Parameters: {"internal"=>true}
  Rendering vendor/ruby/2.2.0/gems/railties-5.0.2/lib/rails/templates/rails/welcome/index.html.erb
  Rendered vendor/ruby/2.2.0/gems/railties-5.0.2/lib/rails/templates/rails/welcome/index.html.erb (6.5ms)
Completed 200 OK in 79ms (Views: 36.9ms | ActiveRecord: 0.0ms)


Started GET "/" for ::1 at 2017-04-02 17:23:55 -0400
Processing by WelcomeController#home as HTML
  Rendering welcome/home.html.erb within layouts/application
  Rendered welcome/home.html.erb within layouts/application (3.0ms)
Completed 500 Internal Server Error in 1214ms (ActiveRecord: 0.0ms)


  
ActionView::Template::Error (TypeError: Object doesn't support this property or method):
    4:     <title>MaC</title>
    5:     <%= csrf_meta_tags %>
    6: 
    7:     <%= stylesheet_link_tag    'application', media: 'all', 'data-turbolinks-track': 'reload' %>
    8:     <%= javascript_include_tag 'application', 'data-turbolinks-track': 'reload' %>
    9:   </head>
   10: 
  
app/views/layouts/application.html.erb:7:in `_app_views_layouts_application_html_erb__964288635_52200396'
  Rendering vendor/ruby/2.2.0/gems/actionpack-5.0.2/lib/action_dispatch/middleware/templates/rescues/template_error.html.erb within rescues/layout
  Rendering vendor/ruby/2.2.0/gems/actionpack-5.0.2/lib/action_dispatch/middleware/templates/rescues/_source.html.erb
  Rendered vendor/ruby/2.2.0/gems/actionpack-5.0.2/lib/action_dispatch/middleware/templates/rescues/_source.html.erb (6.5ms)
  Rendering vendor/ruby/2.2.0/gems/actionpack-5.0.2/lib/action_dispatch/middleware/templates/rescues/_trace.html.erb
  Rendered vendor/ruby/2.2.0/gems/actionpack-5.0.2/lib/action_dispatch/middleware/templates/rescues/_trace.html.erb (5.5ms)
  Rendering vendor/ruby/2.2.0/gems/actionpack-5.0.2/lib/action_dispatch/middleware/templates/rescues/_request_and_response.html.erb
  Rendered vendor/ruby/2.2.0/gems/actionpack-5.0.2/lib/action_dispatch/middleware/templates/rescues/_request_and_response.html.erb (1.0ms)
  Rendered vendor/ruby/2.2.0/gems/actionpack-5.0.2/lib/action_dispatch/middleware/templates/rescues/template_error.html.erb within rescues/layout (622.2ms)
Started GET "/" for ::1 at 2017-04-02 17:24:41 -0400
Processing by WelcomeController#home as HTML
  Rendering welcome/home.html.erb within layouts/application
  Rendered welcome/home.html.erb within layouts/application (0.5ms)
Completed 500 Internal Server Error in 337ms (ActiveRecord: 0.0ms)


  
ActionView::Template::Error (TypeError: Object doesn't support this property or method):
     5:     <%= csrf_meta_tags %>
     6: 
     7:     <%#= stylesheet_link_tag    'application', media: 'all', 'data-turbolinks-track': 'reload' %>
     8:     <%= javascript_include_tag 'application', 'data-turbolinks-track': 'reload' %>
     9:   </head>
    10: 
    11:   <body>
  
app/views/layouts/application.html.erb:8:in `_app_views_layouts_application_html_erb__964288635_83024052'
  Rendering vendor/ruby/2.2.0/gems/actionpack-5.0.2/lib/action_dispatch/middleware/templates/rescues/template_error.html.erb within rescues/layout
  Rendering vendor/ruby/2.2.0/gems/actionpack-5.0.2/lib/action_dispatch/middleware/templates/rescues/_source.html.erb
  Rendered vendor/ruby/2.2.0/gems/actionpack-5.0.2/lib/action_dispatch/middleware/templates/rescues/_source.html.erb (5.0ms)
  Rendering vendor/ruby/2.2.0/gems/actionpack-5.0.2/lib/action_dispatch/middleware/templates/rescues/_trace.html.erb
  Rendered vendor/ruby/2.2.0/gems/actionpack-5.0.2/lib/action_dispatch/middleware/templates/rescues/_trace.html.erb (3.0ms)
  Rendering vendor/ruby/2.2.0/gems/actionpack-5.0.2/lib/action_dispatch/middleware/templates/rescues/_request_and_response.html.erb
  Rendered vendor/ruby/2.2.0/gems/actionpack-5.0.2/lib/action_dispatch/middleware/templates/rescues/_request_and_response.html.erb (1.0ms)
  Rendered vendor/ruby/2.2.0/gems/actionpack-5.0.2/lib/action_dispatch/middleware/templates/rescues/template_error.html.erb within rescues/layout (637.7ms)
Started GET "/" for ::1 at 2017-04-02 17:28:44 -0400
Processing by WelcomeController#home as HTML
  Rendering welcome/home.html.erb within layouts/application
  Rendered welcome/home.html.erb within layouts/application (3.0ms)
Completed 500 Internal Server Error in 1174ms (ActiveRecord: 0.0ms)


  
ActionView::Template::Error (TypeError: Object doesn't support this property or method):
     5:     <%= csrf_meta_tags %>
     6: 
     7:     <%#= stylesheet_link_tag    'application', media: 'all', 'data-turbolinks-track': 'reload' %>
     8:     <%= javascript_include_tag 'application', 'data-turbolinks-track': 'reload' %>
     9:   </head>
    10: 
    11:   <body>
  
app/views/layouts/application.html.erb:8:in `_app_views_layouts_application_html_erb__577904289_49851276'
  Rendering vendor/ruby/2.2.0/gems/actionpack-5.0.2/lib/action_dispatch/middleware/templates/rescues/template_error.html.erb within rescues/layout
  Rendering vendor/ruby/2.2.0/gems/actionpack-5.0.2/lib/action_dispatch/middleware/templates/rescues/_source.html.erb
  Rendered vendor/ruby/2.2.0/gems/actionpack-5.0.2/lib/action_dispatch/middleware/templates/rescues/_source.html.erb (4.5ms)
  Rendering vendor/ruby/2.2.0/gems/actionpack-5.0.2/lib/action_dispatch/middleware/templates/rescues/_trace.html.erb
  Rendered vendor/ruby/2.2.0/gems/actionpack-5.0.2/lib/action_dispatch/middleware/templates/rescues/_trace.html.erb (3.0ms)
  Rendering vendor/ruby/2.2.0/gems/actionpack-5.0.2/lib/action_dispatch/middleware/templates/rescues/_request_and_response.html.erb
  Rendered vendor/ruby/2.2.0/gems/actionpack-5.0.2/lib/action_dispatch/middleware/templates/rescues/_request_and_response.html.erb (0.5ms)
  Rendered vendor/ruby/2.2.0/gems/actionpack-5.0.2/lib/action_dispatch/middleware/templates/rescues/template_error.html.erb within rescues/layout (593.9ms)
Started GET "/" for ::1 at 2017-04-02 17:29:08 -0400
Processing by WelcomeController#home as HTML
  Rendering welcome/home.html.erb within layouts/application
  Rendered welcome/home.html.erb within layouts/application (0.5ms)
Completed 500 Internal Server Error in 4488ms (ActiveRecord: 0.0ms)


  
ActionView::Template::Error (Current ExecJS runtime does't support ES5. Please install node.js.):
    4:     <title>MaC</title>
    5:     <%= csrf_meta_tags %>
    6: 
    7:     <%= stylesheet_link_tag    'application', media: 'all', 'data-turbolinks-track': 'reload' %>
    8:     <%= javascript_include_tag 'application', 'data-turbolinks-track': 'reload' %>
    9:   </head>
   10: 
  
app/views/layouts/application.html.erb:7:in `_app_views_layouts_application_html_erb__577904289_91162524'
  Rendering vendor/ruby/2.2.0/gems/actionpack-5.0.2/lib/action_dispatch/middleware/templates/rescues/template_error.html.erb within rescues/layout
  Rendering vendor/ruby/2.2.0/gems/actionpack-5.0.2/lib/action_dispatch/middleware/templates/rescues/_source.html.erb
  Rendered vendor/ruby/2.2.0/gems/actionpack-5.0.2/lib/action_dispatch/middleware/templates/rescues/_source.html.erb (6.5ms)
  Rendering vendor/ruby/2.2.0/gems/actionpack-5.0.2/lib/action_dispatch/middleware/templates/rescues/_trace.html.erb
  Rendered vendor/ruby/2.2.0/gems/actionpack-5.0.2/lib/action_dispatch/middleware/templates/rescues/_trace.html.erb (4.0ms)
  Rendering vendor/ruby/2.2.0/gems/actionpack-5.0.2/lib/action_dispatch/middleware/templates/rescues/_request_and_response.html.erb
  Rendered vendor/ruby/2.2.0/gems/actionpack-5.0.2/lib/action_dispatch/middleware/templates/rescues/_request_and_response.html.erb (0.5ms)
  Rendered vendor/ruby/2.2.0/gems/actionpack-5.0.2/lib/action_dispatch/middleware/templates/rescues/template_error.html.erb within rescues/layout (594.7ms)
Started GET "/" for ::1 at 2017-04-02 17:30:16 -0400
Processing by WelcomeController#home as HTML
  Rendering welcome/home.html.erb within layouts/application
  Rendered welcome/home.html.erb within layouts/application (0.5ms)
Completed 200 OK in 38ms (Views: 28.2ms | ActiveRecord: 0.0ms)


Started GET "/" for ::1 at 2017-04-02 17:38:56 -0400
Processing by WelcomeController#home as HTML
  Rendering welcome/home.html.erb within layouts/application
  Rendered welcome/home.html.erb within layouts/application (0.5ms)
Completed 200 OK in 40ms (Views: 29.4ms | ActiveRecord: 0.0ms)


Started GET "/image/main_image.png" for ::1 at 2017-04-02 17:38:56 -0400
  
ActionController::RoutingError (No route matches [GET] "/image/main_image.png"):
  
vendor/ruby/2.2.0/gems/actionpack-5.0.2/lib/action_dispatch/middleware/debug_exceptions.rb:53:in `call'
vendor/ruby/2.2.0/gems/web-console-3.4.0/lib/web_console/middleware.rb:135:in `call_app'
vendor/ruby/2.2.0/gems/web-console-3.4.0/lib/web_console/middleware.rb:28:in `block in call'
vendor/ruby/2.2.0/gems/web-console-3.4.0/lib/web_console/middleware.rb:18:in `catch'
vendor/ruby/2.2.0/gems/web-console-3.4.0/lib/web_console/middleware.rb:18:in `call'
vendor/ruby/2.2.0/gems/actionpack-5.0.2/lib/action_dispatch/middleware/show_exceptions.rb:31:in `call'
vendor/ruby/2.2.0/gems/railties-5.0.2/lib/rails/rack/logger.rb:36:in `call_app'
vendor/ruby/2.2.0/gems/railties-5.0.2/lib/rails/rack/logger.rb:24:in `block in call'
vendor/ruby/2.2.0/gems/activesupport-5.0.2/lib/active_support/tagged_logging.rb:69:in `block in tagged'
vendor/ruby/2.2.0/gems/activesupport-5.0.2/lib/active_support/tagged_logging.rb:26:in `tagged'
vendor/ruby/2.2.0/gems/activesupport-5.0.2/lib/active_support/tagged_logging.rb:69:in `tagged'
vendor/ruby/2.2.0/gems/railties-5.0.2/lib/rails/rack/logger.rb:24:in `call'
vendor/ruby/2.2.0/gems/sprockets-rails-3.2.0/lib/sprockets/rails/quiet_assets.rb:13:in `call'
vendor/ruby/2.2.0/gems/actionpack-5.0.2/lib/action_dispatch/middleware/request_id.rb:24:in `call'
vendor/ruby/2.2.0/gems/rack-2.0.1/lib/rack/method_override.rb:22:in `call'
vendor/ruby/2.2.0/gems/rack-2.0.1/lib/rack/runtime.rb:22:in `call'
vendor/ruby/2.2.0/gems/activesupport-5.0.2/lib/active_support/cache/strategy/local_cache_middleware.rb:28:in `call'
vendor/ruby/2.2.0/gems/actionpack-5.0.2/lib/action_dispatch/middleware/executor.rb:12:in `call'
vendor/ruby/2.2.0/gems/actionpack-5.0.2/lib/action_dispatch/middleware/static.rb:136:in `call'
vendor/ruby/2.2.0/gems/rack-2.0.1/lib/rack/sendfile.rb:111:in `call'
vendor/ruby/2.2.0/gems/railties-5.0.2/lib/rails/engine.rb:522:in `call'
vendor/ruby/2.2.0/gems/puma-3.8.2/lib/puma/configuration.rb:224:in `call'
vendor/ruby/2.2.0/gems/puma-3.8.2/lib/puma/server.rb:600:in `handle_request'
vendor/ruby/2.2.0/gems/puma-3.8.2/lib/puma/server.rb:435:in `process_client'
vendor/ruby/2.2.0/gems/puma-3.8.2/lib/puma/server.rb:299:in `block in run'
vendor/ruby/2.2.0/gems/puma-3.8.2/lib/puma/thread_pool.rb:120:in `call'
vendor/ruby/2.2.0/gems/puma-3.8.2/lib/puma/thread_pool.rb:120:in `block in spawn_thread'
  Rendering vendor/ruby/2.2.0/gems/actionpack-5.0.2/lib/action_dispatch/middleware/templates/rescues/routing_error.html.erb within rescues/layout
  Rendering vendor/ruby/2.2.0/gems/actionpack-5.0.2/lib/action_dispatch/middleware/templates/rescues/_trace.html.erb
  Rendered vendor/ruby/2.2.0/gems/actionpack-5.0.2/lib/action_dispatch/middleware/templates/rescues/_trace.html.erb (1.5ms)
  Rendered collection of vendor/ruby/2.2.0/gems/actionpack-5.0.2/lib/action_dispatch/middleware/templates/routes/_route.html.erb [1 times] (5.0ms)
  Rendered vendor/ruby/2.2.0/gems/actionpack-5.0.2/lib/action_dispatch/middleware/templates/routes/_table.html.erb (47.0ms)
  Rendering vendor/ruby/2.2.0/gems/actionpack-5.0.2/lib/action_dispatch/middleware/templates/rescues/_request_and_response.html.erb
  Rendered vendor/ruby/2.2.0/gems/actionpack-5.0.2/lib/action_dispatch/middleware/templates/rescues/_request_and_response.html.erb (1.5ms)
  Rendered vendor/ruby/2.2.0/gems/actionpack-5.0.2/lib/action_dispatch/middleware/templates/rescues/routing_error.html.erb within rescues/layout (1043.5ms)
Started GET "/" for ::1 at 2017-04-02 17:39:20 -0400
Processing by WelcomeController#home as HTML
  Rendering welcome/home.html.erb within layouts/application
  Rendered welcome/home.html.erb within layouts/application (0.5ms)
Completed 200 OK in 38ms (Views: 29.5ms | ActiveRecord: 0.0ms)


Started GET "/" for ::1 at 2017-04-02 17:39:50 -0400
Processing by WelcomeController#home as HTML
  Rendering welcome/home.html.erb within layouts/application
  Rendered welcome/home.html.erb within layouts/application (0.5ms)
Completed 200 OK in 48ms (Views: 35.8ms | ActiveRecord: 0.0ms)


Started GET "/" for ::1 at 2017-04-02 17:40:04 -0400
Processing by WelcomeController#home as HTML
  Rendering welcome/home.html.erb within layouts/application
  Rendered welcome/home.html.erb within layouts/application (0.5ms)
Completed 200 OK in 40ms (Views: 29.7ms | ActiveRecord: 0.0ms)


Started GET "/" for ::1 at 2017-04-02 17:42:48 -0400
Processing by WelcomeController#home as HTML
  Rendering welcome/home.html.erb within layouts/application
  Rendered welcome/home.html.erb within layouts/application (0.5ms)
Completed 200 OK in 49ms (Views: 35.9ms | ActiveRecord: 0.0ms)


Started GET "/" for ::1 at 2017-04-02 17:43:05 -0400
Processing by WelcomeController#home as HTML
  Rendering welcome/home.html.erb within layouts/application
  Rendered welcome/home.html.erb within layouts/application (0.5ms)
Completed 200 OK in 50ms (Views: 37.4ms | ActiveRecord: 0.0ms)


Started GET "/" for ::1 at 2017-04-02 17:43:23 -0400
Processing by WelcomeController#home as HTML
  Rendering welcome/home.html.erb within layouts/application
  Rendered welcome/home.html.erb within layouts/application (3.0ms)
Completed 200 OK in 69ms (Views: 46.1ms | ActiveRecord: 0.0ms)


Started GET "/" for ::1 at 2017-04-02 17:44:41 -0400
Processing by WelcomeController#home as HTML
  Rendering welcome/home.html.erb within layouts/application
  Rendered welcome/home.html.erb within layouts/application (0.5ms)
Completed 200 OK in 42ms (Views: 30.9ms | ActiveRecord: 0.0ms)


Started GET "/" for ::1 at 2017-04-02 17:45:07 -0400
Processing by WelcomeController#home as HTML
  Rendering welcome/home.html.erb within layouts/application
  Rendered welcome/home.html.erb within layouts/application (0.0ms)
Completed 200 OK in 45ms (Views: 33.0ms | ActiveRecord: 0.0ms)


Started GET "/" for ::1 at 2017-04-02 17:45:33 -0400
Processing by WelcomeController#home as HTML
  Rendering welcome/home.html.erb within layouts/application
  Rendered welcome/home.html.erb within layouts/application (0.0ms)
Completed 200 OK in 45ms (Views: 33.0ms | ActiveRecord: 0.0ms)


Started GET "/" for ::1 at 2017-04-02 17:45:56 -0400
Processing by WelcomeController#home as HTML
  Rendering welcome/home.html.erb within layouts/application
  Rendered welcome/home.html.erb within layouts/application (0.0ms)
Completed 200 OK in 40ms (Views: 29.7ms | ActiveRecord: 0.0ms)


Started GET "/" for ::1 at 2017-04-02 17:46:09 -0400
Processing by WelcomeController#home as HTML
  Rendering welcome/home.html.erb within layouts/application
  Rendered welcome/home.html.erb within layouts/application (0.5ms)
Completed 200 OK in 41ms (Views: 29.7ms | ActiveRecord: 0.0ms)


Started GET "/" for ::1 at 2017-04-02 17:46:16 -0400
Processing by WelcomeController#home as HTML
  Rendering welcome/home.html.erb within layouts/application
  Rendered welcome/home.html.erb within layouts/application (0.5ms)
Completed 200 OK in 39ms (Views: 29.4ms | ActiveRecord: 0.0ms)


Started GET "/" for ::1 at 2017-04-02 17:46:58 -0400
Processing by WelcomeController#home as HTML
  Rendering welcome/home.html.erb within layouts/application
  Rendered welcome/home.html.erb within layouts/application (0.5ms)
Completed 200 OK in 45ms (Views: 33.1ms | ActiveRecord: 0.0ms)


Started GET "/" for ::1 at 2017-04-02 17:48:05 -0400
Processing by WelcomeController#home as HTML
  Rendering welcome/home.html.erb within layouts/application
  Rendered welcome/home.html.erb within layouts/application (0.5ms)
Completed 200 OK in 47ms (Views: 35.4ms | ActiveRecord: 0.0ms)


Started GET "/" for ::1 at 2017-04-02 17:48:18 -0400
Processing by WelcomeController#home as HTML
  Rendering welcome/home.html.erb within layouts/application
  Rendered welcome/home.html.erb within layouts/application (2.5ms)
Completed 200 OK in 64ms (Views: 42.2ms | ActiveRecord: 0.0ms)


Started GET "/" for ::1 at 2017-04-02 17:48:28 -0400
Processing by WelcomeController#home as HTML
  Rendering welcome/home.html.erb within layouts/application
  Rendered welcome/home.html.erb within layouts/application (0.5ms)
Completed 200 OK in 39ms (Views: 29.4ms | ActiveRecord: 0.0ms)


Started GET "/" for ::1 at 2017-04-02 17:48:45 -0400
Processing by WelcomeController#home as HTML
  Rendering welcome/home.html.erb within layouts/application
  Rendered welcome/home.html.erb within layouts/application (0.5ms)
Completed 200 OK in 40ms (Views: 29.5ms | ActiveRecord: 0.0ms)


Started GET "/" for ::1 at 2017-04-02 17:50:24 -0400
Processing by WelcomeController#home as HTML
  Rendering welcome/home.html.erb within layouts/application
  Rendered welcome/home.html.erb within layouts/application (132.1ms)
Completed 200 OK in 163ms (Views: 154.9ms | ActiveRecord: 0.0ms)


Started GET "/" for ::1 at 2017-04-02 17:50:39 -0400
Processing by WelcomeController#home as HTML
  Rendering welcome/home.html.erb within layouts/application
  Rendered welcome/home.html.erb within layouts/application (4.0ms)
Completed 200 OK in 49ms (Views: 36.7ms | ActiveRecord: 0.0ms)


Started GET "/stylesheets/main_image.png" for ::1 at 2017-04-02 17:50:39 -0400
  
ActionController::RoutingError (No route matches [GET] "/stylesheets/main_image.png"):
  
vendor/ruby/2.2.0/gems/actionpack-5.0.2/lib/action_dispatch/middleware/debug_exceptions.rb:53:in `call'
vendor/ruby/2.2.0/gems/web-console-3.4.0/lib/web_console/middleware.rb:135:in `call_app'
vendor/ruby/2.2.0/gems/web-console-3.4.0/lib/web_console/middleware.rb:28:in `block in call'
vendor/ruby/2.2.0/gems/web-console-3.4.0/lib/web_console/middleware.rb:18:in `catch'
vendor/ruby/2.2.0/gems/web-console-3.4.0/lib/web_console/middleware.rb:18:in `call'
vendor/ruby/2.2.0/gems/actionpack-5.0.2/lib/action_dispatch/middleware/show_exceptions.rb:31:in `call'
vendor/ruby/2.2.0/gems/railties-5.0.2/lib/rails/rack/logger.rb:36:in `call_app'
vendor/ruby/2.2.0/gems/railties-5.0.2/lib/rails/rack/logger.rb:24:in `block in call'
vendor/ruby/2.2.0/gems/activesupport-5.0.2/lib/active_support/tagged_logging.rb:69:in `block in tagged'
vendor/ruby/2.2.0/gems/activesupport-5.0.2/lib/active_support/tagged_logging.rb:26:in `tagged'
vendor/ruby/2.2.0/gems/activesupport-5.0.2/lib/active_support/tagged_logging.rb:69:in `tagged'
vendor/ruby/2.2.0/gems/railties-5.0.2/lib/rails/rack/logger.rb:24:in `call'
vendor/ruby/2.2.0/gems/sprockets-rails-3.2.0/lib/sprockets/rails/quiet_assets.rb:13:in `call'
vendor/ruby/2.2.0/gems/actionpack-5.0.2/lib/action_dispatch/middleware/request_id.rb:24:in `call'
vendor/ruby/2.2.0/gems/rack-2.0.1/lib/rack/method_override.rb:22:in `call'
vendor/ruby/2.2.0/gems/rack-2.0.1/lib/rack/runtime.rb:22:in `call'
vendor/ruby/2.2.0/gems/activesupport-5.0.2/lib/active_support/cache/strategy/local_cache_middleware.rb:28:in `call'
vendor/ruby/2.2.0/gems/actionpack-5.0.2/lib/action_dispatch/middleware/executor.rb:12:in `call'
vendor/ruby/2.2.0/gems/actionpack-5.0.2/lib/action_dispatch/middleware/static.rb:136:in `call'
vendor/ruby/2.2.0/gems/rack-2.0.1/lib/rack/sendfile.rb:111:in `call'
vendor/ruby/2.2.0/gems/railties-5.0.2/lib/rails/engine.rb:522:in `call'
vendor/ruby/2.2.0/gems/puma-3.8.2/lib/puma/configuration.rb:224:in `call'
vendor/ruby/2.2.0/gems/puma-3.8.2/lib/puma/server.rb:600:in `handle_request'
vendor/ruby/2.2.0/gems/puma-3.8.2/lib/puma/server.rb:435:in `process_client'
vendor/ruby/2.2.0/gems/puma-3.8.2/lib/puma/server.rb:299:in `block in run'
vendor/ruby/2.2.0/gems/puma-3.8.2/lib/puma/thread_pool.rb:120:in `call'
vendor/ruby/2.2.0/gems/puma-3.8.2/lib/puma/thread_pool.rb:120:in `block in spawn_thread'
  Rendering vendor/ruby/2.2.0/gems/actionpack-5.0.2/lib/action_dispatch/middleware/templates/rescues/routing_error.html.erb within rescues/layout
  Rendering vendor/ruby/2.2.0/gems/actionpack-5.0.2/lib/action_dispatch/middleware/templates/rescues/_trace.html.erb
  Rendered vendor/ruby/2.2.0/gems/actionpack-5.0.2/lib/action_dispatch/middleware/templates/rescues/_trace.html.erb (1.5ms)
  Rendered collection of vendor/ruby/2.2.0/gems/actionpack-5.0.2/lib/action_dispatch/middleware/templates/routes/_route.html.erb [1 times] (1.5ms)
  Rendered vendor/ruby/2.2.0/gems/actionpack-5.0.2/lib/action_dispatch/middleware/templates/routes/_table.html.erb (11.5ms)
  Rendering vendor/ruby/2.2.0/gems/actionpack-5.0.2/lib/action_dispatch/middleware/templates/rescues/_request_and_response.html.erb
  Rendered vendor/ruby/2.2.0/gems/actionpack-5.0.2/lib/action_dispatch/middleware/templates/rescues/_request_and_response.html.erb (1.0ms)
  Rendered vendor/ruby/2.2.0/gems/actionpack-5.0.2/lib/action_dispatch/middleware/templates/rescues/routing_error.html.erb within rescues/layout (959.4ms)
Started GET "/" for ::1 at 2017-04-02 17:51:04 -0400
Processing by WelcomeController#home as HTML
  Rendering welcome/home.html.erb within layouts/application
  Rendered welcome/home.html.erb within layouts/application (3.5ms)
Completed 200 OK in 43ms (Views: 32.5ms | ActiveRecord: 0.0ms)


Started GET "/" for ::1 at 2017-04-02 17:51:21 -0400
Processing by WelcomeController#home as HTML
  Rendering welcome/home.html.erb within layouts/application
  Rendered welcome/home.html.erb within layouts/application (4.0ms)
Completed 200 OK in 49ms (Views: 37.3ms | ActiveRecord: 0.0ms)


Started GET "/" for ::1 at 2017-04-02 17:51:32 -0400
Processing by WelcomeController#home as HTML
  Rendering welcome/home.html.erb within layouts/application
  Rendered welcome/home.html.erb within layouts/application (4.0ms)
Completed 200 OK in 47ms (Views: 35.7ms | ActiveRecord: 0.0ms)


Started GET "/" for ::1 at 2017-04-02 17:54:40 -0400
Processing by WelcomeController#home as HTML
  Rendering welcome/home.html.erb within layouts/application
  Rendered welcome/home.html.erb within layouts/application (3.5ms)
Completed 200 OK in 45ms (Views: 34.2ms | ActiveRecord: 0.0ms)


Started GET "/" for ::1 at 2017-04-02 17:55:05 -0400
Processing by WelcomeController#home as HTML
  Rendering welcome/home.html.erb within layouts/application
  Rendered welcome/home.html.erb within layouts/application (4.0ms)
Completed 200 OK in 50ms (Views: 36.5ms | ActiveRecord: 0.0ms)


Started GET "/" for ::1 at 2017-04-02 17:55:14 -0400
Processing by WelcomeController#home as HTML
  Rendering welcome/home.html.erb within layouts/application
  Rendered welcome/home.html.erb within layouts/application (3.5ms)
Completed 200 OK in 39ms (Views: 29.4ms | ActiveRecord: 0.0ms)


Started GET "/" for ::1 at 2017-04-02 17:55:50 -0400
Processing by WelcomeController#home as HTML
  Rendering welcome/home.html.erb within layouts/application
  Rendered welcome/home.html.erb within layouts/application (3.5ms)
Completed 200 OK in 43ms (Views: 32.6ms | ActiveRecord: 0.0ms)


Started GET "/" for ::1 at 2017-04-02 17:56:13 -0400
Processing by WelcomeController#home as HTML
  Rendering welcome/home.html.erb within layouts/application
  Rendered welcome/home.html.erb within layouts/application (4.0ms)
Completed 200 OK in 49ms (Views: 37.2ms | ActiveRecord: 0.0ms)


Started GET "/" for ::1 at 2017-04-02 17:56:38 -0400
Processing by WelcomeController#home as HTML
  Rendering welcome/home.html.erb within layouts/application
  Rendered welcome/home.html.erb within layouts/application (3.5ms)
Completed 200 OK in 50ms (Views: 37.5ms | ActiveRecord: 0.0ms)


Started GET "/" for ::1 at 2017-04-02 17:57:17 -0400
Processing by WelcomeController#home as HTML
  Rendering welcome/home.html.erb within layouts/application
  Rendered welcome/home.html.erb within layouts/application (3.0ms)
Completed 200 OK in 36ms (Views: 25.5ms | ActiveRecord: 0.0ms)


Started GET "/" for ::1 at 2017-04-02 17:57:23 -0400
Processing by WelcomeController#home as HTML
  Rendering welcome/home.html.erb within layouts/application
  Rendered welcome/home.html.erb within layouts/application (3.5ms)
Completed 200 OK in 42ms (Views: 32.1ms | ActiveRecord: 0.0ms)


Started GET "/" for ::1 at 2017-04-02 17:57:31 -0400
Processing by WelcomeController#home as HTML
  Rendering welcome/home.html.erb within layouts/application
  Rendered welcome/home.html.erb within layouts/application (3.5ms)
Completed 200 OK in 47ms (Views: 35.3ms | ActiveRecord: 0.0ms)


Started GET "/" for ::1 at 2017-04-02 17:59:33 -0400
Processing by WelcomeController#home as HTML
  Rendering welcome/home.html.erb within layouts/application
  Rendered welcome/home.html.erb within layouts/application (4.0ms)
Completed 200 OK in 48ms (Views: 36.2ms | ActiveRecord: 0.0ms)


Started GET "/" for ::1 at 2017-04-02 18:01:41 -0400
Processing by WelcomeController#home as HTML
  Rendering welcome/home.html.erb within layouts/application
  Rendered welcome/home.html.erb within layouts/application (4.0ms)
Completed 200 OK in 44ms (Views: 33.5ms | ActiveRecord: 0.0ms)


Started GET "/" for ::1 at 2017-04-02 18:02:16 -0400
Processing by WelcomeController#home as HTML
  Rendering welcome/home.html.erb within layouts/application
  Rendered welcome/home.html.erb within layouts/application (3.5ms)
Completed 200 OK in 48ms (Views: 36.5ms | ActiveRecord: 0.0ms)


Started GET "/" for ::1 at 2017-04-02 18:02:59 -0400
Processing by WelcomeController#home as HTML
  Rendering welcome/home.html.erb within layouts/application
  Rendered welcome/home.html.erb within layouts/application (4.0ms)
Completed 200 OK in 48ms (Views: 36.5ms | ActiveRecord: 0.0ms)


Started GET "/" for ::1 at 2017-04-02 18:03:12 -0400
Processing by WelcomeController#home as HTML
  Rendering welcome/home.html.erb within layouts/application
  Rendered welcome/home.html.erb within layouts/application (3.0ms)
Completed 200 OK in 40ms (Views: 29.9ms | ActiveRecord: 0.0ms)


Started GET "/" for ::1 at 2017-04-02 18:04:50 -0400
Processing by WelcomeController#home as HTML
  Rendering welcome/home.html.erb within layouts/application
  Rendered welcome/home.html.erb within layouts/application (4.0ms)
Completed 200 OK in 53ms (Views: 40.3ms | ActiveRecord: 0.0ms)


Started GET "/" for ::1 at 2017-04-02 18:05:20 -0400
Processing by WelcomeController#home as HTML
  Rendering welcome/home.html.erb within layouts/application
  Rendered welcome/home.html.erb within layouts/application (4.5ms)
Completed 200 OK in 51ms (Views: 38.8ms | ActiveRecord: 0.0ms)


Started GET "/" for ::1 at 2017-04-02 18:05:48 -0400
Processing by WelcomeController#home as HTML
  Rendering welcome/home.html.erb within layouts/application
  Rendered welcome/home.html.erb within layouts/application (3.5ms)
Completed 200 OK in 50ms (Views: 37.5ms | ActiveRecord: 0.0ms)


Started GET "/" for ::1 at 2017-04-02 18:06:00 -0400
Processing by WelcomeController#home as HTML
  Rendering welcome/home.html.erb within layouts/application
  Rendered welcome/home.html.erb within layouts/application (7.0ms)
Completed 200 OK in 55ms (Views: 39.8ms | ActiveRecord: 0.0ms)


Started GET "/" for ::1 at 2017-04-02 18:06:12 -0400
Processing by WelcomeController#home as HTML
  Rendering welcome/home.html.erb within layouts/application
  Rendered welcome/home.html.erb within layouts/application (5.0ms)
Completed 200 OK in 51ms (Views: 38.4ms | ActiveRecord: 0.0ms)


Started GET "/" for ::1 at 2017-04-02 18:07:26 -0400
Processing by WelcomeController#home as HTML
  Rendering welcome/home.html.erb within layouts/application
  Rendered welcome/home.html.erb within layouts/application (3.5ms)
Completed 200 OK in 48ms (Views: 36.2ms | ActiveRecord: 0.0ms)


Started GET "/" for ::1 at 2017-04-02 18:08:14 -0400
Processing by WelcomeController#home as HTML
  Rendering welcome/home.html.erb within layouts/application
  Rendered welcome/home.html.erb within layouts/application (4.0ms)
Completed 200 OK in 53ms (Views: 40.1ms | ActiveRecord: 0.0ms)


Started GET "/" for ::1 at 2017-04-02 18:08:17 -0400
Processing by WelcomeController#home as HTML
  Rendering welcome/home.html.erb within layouts/application
  Rendered welcome/home.html.erb within layouts/application (4.0ms)
Completed 200 OK in 52ms (Views: 39.3ms | ActiveRecord: 0.0ms)


Started GET "/" for ::1 at 2017-04-02 18:08:22 -0400
Processing by WelcomeController#home as HTML
  Rendering welcome/home.html.erb within layouts/application
  Rendered welcome/home.html.erb within layouts/application (3.5ms)
Completed 200 OK in 51ms (Views: 38.1ms | ActiveRecord: 0.0ms)


Started GET "/" for ::1 at 2017-04-02 18:09:11 -0400
Processing by WelcomeController#home as HTML
  Rendering welcome/home.html.erb within layouts/application
  Rendered welcome/home.html.erb within layouts/application (4.0ms)
Completed 200 OK in 42ms (Views: 33.5ms | ActiveRecord: 0.0ms)


Started GET "/" for ::1 at 2017-04-02 18:09:16 -0400
Processing by WelcomeController#home as HTML
  Rendering welcome/home.html.erb within layouts/application
  Rendered welcome/home.html.erb within layouts/application (20.0ms)
Completed 200 OK in 61ms (Views: 50.7ms | ActiveRecord: 0.0ms)


Started GET "/" for ::1 at 2017-04-02 18:10:57 -0400
Processing by WelcomeController#home as HTML
  Rendering welcome/home.html.erb within layouts/application
  Rendered welcome/home.html.erb within layouts/application (3.5ms)
Completed 200 OK in 37ms (Views: 26.4ms | ActiveRecord: 0.0ms)


Started GET "/" for ::1 at 2017-04-02 18:11:02 -0400
Processing by WelcomeController#home as HTML
  Rendering welcome/home.html.erb within layouts/application
  Rendered welcome/home.html.erb within layouts/application (4.5ms)
Completed 200 OK in 48ms (Views: 36.8ms | ActiveRecord: 0.0ms)


Started GET "/" for ::1 at 2017-04-02 18:11:26 -0400
Processing by WelcomeController#home as HTML
  Rendering welcome/home.html.erb within layouts/application
  Rendered welcome/home.html.erb within layouts/application (4.5ms)
Completed 200 OK in 51ms (Views: 38.7ms | ActiveRecord: 0.0ms)


Started GET "/" for ::1 at 2017-04-02 18:11:29 -0400
Processing by WelcomeController#home as HTML
  Rendering welcome/home.html.erb within layouts/application
  Rendered welcome/home.html.erb within layouts/application (4.0ms)
Completed 200 OK in 43ms (Views: 33.2ms | ActiveRecord: 0.0ms)


Started GET "/" for ::1 at 2017-04-02 18:13:09 -0400
Processing by WelcomeController#home as HTML
  Rendering welcome/home.html.erb within layouts/application
  Rendered welcome/home.html.erb within layouts/application (131.8ms)
Completed 200 OK in 189ms (Views: 167.1ms | ActiveRecord: 0.0ms)


Started GET "/" for ::1 at 2017-04-02 18:14:05 -0400
Processing by WelcomeController#home as HTML
  Rendering welcome/home.html.erb within layouts/application
  Rendered welcome/home.html.erb within layouts/application (4.0ms)
Completed 200 OK in 49ms (Views: 37.1ms | ActiveRecord: 0.0ms)


Started GET "/" for ::1 at 2017-04-02 18:16:56 -0400
Processing by WelcomeController#home as HTML
  Rendering welcome/home.html.erb within layouts/application
  Rendered welcome/home.html.erb within layouts/application (4.5ms)
Completed 200 OK in 52ms (Views: 39.3ms | ActiveRecord: 0.0ms)


Started GET "/" for ::1 at 2017-04-02 18:17:11 -0400
Processing by WelcomeController#home as HTML
  Rendering welcome/home.html.erb within layouts/application
  Rendered welcome/home.html.erb within layouts/application (3.5ms)
Completed 200 OK in 44ms (Views: 33.4ms | ActiveRecord: 0.0ms)


Started GET "/" for ::1 at 2017-04-02 18:17:44 -0400
Processing by WelcomeController#home as HTML
  Rendering welcome/home.html.erb within layouts/application
  Rendered welcome/home.html.erb within layouts/application (3.5ms)
Completed 200 OK in 44ms (Views: 32.1ms | ActiveRecord: 0.0ms)


Started GET "/" for ::1 at 2017-04-02 18:20:02 -0400
Processing by WelcomeController#home as HTML
  Rendering welcome/home.html.erb within layouts/application
  Rendered welcome/home.html.erb within layouts/application (114.1ms)
Completed 500 Internal Server Error in 159ms (ActiveRecord: 0.0ms)


  
ActionView::Template::Error (undefined method `javascript_link_tag' for #<#<Class:0x5efef00>:0xacb43e0>):
     7: }
     8: </style>
     9: 
    10: <%= javascript_link_tag "bootstrap.min" %>
    11: <%= stylesheet_link_tag "welcome_styles.css" %>
    12: <%= stylesheet_link_tag "bootstrap.min" %>
    13: 
  
app/views/welcome/home.html.erb:10:in `_app_views_welcome_home_html_erb__625881817_90547428'
  Rendering vendor/ruby/2.2.0/gems/actionpack-5.0.2/lib/action_dispatch/middleware/templates/rescues/template_error.html.erb within rescues/layout
  Rendering vendor/ruby/2.2.0/gems/actionpack-5.0.2/lib/action_dispatch/middleware/templates/rescues/_source.html.erb
  Rendered vendor/ruby/2.2.0/gems/actionpack-5.0.2/lib/action_dispatch/middleware/templates/rescues/_source.html.erb (5.5ms)
  Rendering vendor/ruby/2.2.0/gems/actionpack-5.0.2/lib/action_dispatch/middleware/templates/rescues/_trace.html.erb
  Rendered vendor/ruby/2.2.0/gems/actionpack-5.0.2/lib/action_dispatch/middleware/templates/rescues/_trace.html.erb (3.5ms)
  Rendering vendor/ruby/2.2.0/gems/actionpack-5.0.2/lib/action_dispatch/middleware/templates/rescues/_request_and_response.html.erb
  Rendered vendor/ruby/2.2.0/gems/actionpack-5.0.2/lib/action_dispatch/middleware/templates/rescues/_request_and_response.html.erb (1.0ms)
  Rendered vendor/ruby/2.2.0/gems/actionpack-5.0.2/lib/action_dispatch/middleware/templates/rescues/template_error.html.erb within rescues/layout (826.3ms)
Started GET "/" for ::1 at 2017-04-02 18:20:14 -0400
Processing by WelcomeController#home as HTML
  Rendering welcome/home.html.erb within layouts/application
  Rendered welcome/home.html.erb within layouts/application (7.0ms)
Completed 200 OK in 51ms (Views: 39.5ms | ActiveRecord: 0.0ms)


Started GET "/" for ::1 at 2017-04-02 18:20:49 -0400
Processing by WelcomeController#home as HTML
  Rendering welcome/home.html.erb within layouts/application
  Rendered welcome/home.html.erb within layouts/application (16.5ms)
Completed 200 OK in 61ms (Views: 49.2ms | ActiveRecord: 0.0ms)


Started GET "/" for ::1 at 2017-04-02 18:21:15 -0400
Processing by WelcomeController#home as HTML
  Rendering welcome/home.html.erb within layouts/application
  Rendered welcome/home.html.erb within layouts/application (8.5ms)
Completed 200 OK in 49ms (Views: 39.0ms | ActiveRecord: 0.0ms)


Started GET "/" for ::1 at 2017-04-02 18:25:46 -0400
Processing by WelcomeController#home as HTML
  Rendering welcome/home.html.erb within layouts/application
  Rendered welcome/home.html.erb within layouts/application (10.5ms)
Completed 200 OK in 57ms (Views: 44.0ms | ActiveRecord: 0.0ms)


Started GET "/" for ::1 at 2017-04-02 18:26:10 -0400
Processing by WelcomeController#home as HTML
  Rendering welcome/home.html.erb within layouts/application
  Rendered welcome/home.html.erb within layouts/application (11.0ms)
Completed 200 OK in 58ms (Views: 45.7ms | ActiveRecord: 0.0ms)


Started GET "/" for ::1 at 2017-04-02 18:26:54 -0400
Processing by WelcomeController#home as HTML
  Rendering welcome/home.html.erb within layouts/application
  Rendered welcome/home.html.erb within layouts/application (9.0ms)
Completed 200 OK in 48ms (Views: 36.7ms | ActiveRecord: 0.0ms)


Started GET "/" for ::1 at 2017-04-02 18:27:36 -0400
Processing by WelcomeController#home as HTML
  Rendering welcome/home.html.erb within layouts/application
  Rendered welcome/home.html.erb within layouts/application (10.0ms)
Completed 200 OK in 46ms (Views: 36.2ms | ActiveRecord: 0.0ms)


Started GET "/" for ::1 at 2017-04-02 18:27:53 -0400
Processing by WelcomeController#home as HTML
  Rendering welcome/home.html.erb within layouts/application
  Rendered welcome/home.html.erb within layouts/application (5.0ms)
Completed 200 OK in 41ms (Views: 31.1ms | ActiveRecord: 0.0ms)


Started GET "/" for ::1 at 2017-04-02 18:34:51 -0400
Processing by WelcomeController#home as HTML
  Rendering welcome/home.html.erb within layouts/application
  Rendered welcome/home.html.erb within layouts/application (7.5ms)
Completed 200 OK in 56ms (Views: 43.0ms | ActiveRecord: 0.0ms)


Started GET "/" for ::1 at 2017-04-02 18:35:16 -0400
Processing by WelcomeController#home as HTML
  Rendering welcome/home.html.erb within layouts/application
  Rendered welcome/home.html.erb within layouts/application (6.0ms)
Completed 200 OK in 46ms (Views: 35.6ms | ActiveRecord: 0.0ms)


Started GET "/" for ::1 at 2017-04-02 18:35:55 -0400
Processing by WelcomeController#home as HTML
  Rendering welcome/home.html.erb within layouts/application
  Rendered welcome/home.html.erb within layouts/application (6.5ms)
Completed 200 OK in 50ms (Views: 38.5ms | ActiveRecord: 0.0ms)


Started GET "/" for ::1 at 2017-04-02 18:35:56 -0400
Processing by WelcomeController#home as HTML
  Rendering welcome/home.html.erb within layouts/application
  Rendered welcome/home.html.erb within layouts/application (7.5ms)
Completed 200 OK in 53ms (Views: 41.0ms | ActiveRecord: 0.0ms)


Started GET "/" for ::1 at 2017-04-02 18:38:53 -0400
Processing by WelcomeController#home as HTML
  Rendering welcome/home.html.erb within layouts/application
  Rendered welcome/home.html.erb within layouts/application (6.5ms)
Completed 200 OK in 53ms (Views: 41.1ms | ActiveRecord: 0.0ms)


Started GET "/" for ::1 at 2017-04-02 18:39:09 -0400
Processing by WelcomeController#home as HTML
  Rendering welcome/home.html.erb within layouts/application
  Rendered welcome/home.html.erb within layouts/application (6.0ms)
Completed 200 OK in 47ms (Views: 35.9ms | ActiveRecord: 0.0ms)


Started GET "/" for ::1 at 2017-04-02 18:39:18 -0400
Processing by WelcomeController#home as HTML
  Rendering welcome/home.html.erb within layouts/application
  Rendered welcome/home.html.erb within layouts/application (6.0ms)
Completed 200 OK in 37ms (Views: 28.7ms | ActiveRecord: 0.0ms)


Started GET "/" for ::1 at 2017-04-02 18:39:36 -0400
Processing by WelcomeController#home as HTML
  Rendering welcome/home.html.erb within layouts/application
  Rendered welcome/home.html.erb within layouts/application (6.0ms)
Completed 200 OK in 43ms (Views: 35.2ms | ActiveRecord: 0.0ms)


Started GET "/" for ::1 at 2017-04-02 18:40:07 -0400
Processing by WelcomeController#home as HTML
  Rendering welcome/home.html.erb within layouts/application
  Rendered welcome/home.html.erb within layouts/application (6.5ms)
Completed 200 OK in 51ms (Views: 39.4ms | ActiveRecord: 0.0ms)


Started GET "/" for ::1 at 2017-04-02 18:40:20 -0400
Processing by WelcomeController#home as HTML
  Rendering welcome/home.html.erb within layouts/application
  Rendered welcome/home.html.erb within layouts/application (6.0ms)
Completed 200 OK in 46ms (Views: 35.7ms | ActiveRecord: 0.0ms)


Started GET "/" for ::1 at 2017-04-02 18:43:04 -0400
Processing by WelcomeController#home as HTML
  Rendering welcome/home.html.erb within layouts/application
  Rendered welcome/home.html.erb within layouts/application (6.5ms)
Completed 200 OK in 50ms (Views: 39.2ms | ActiveRecord: 0.0ms)


Started GET "/" for ::1 at 2017-04-02 18:43:23 -0400
Processing by WelcomeController#home as HTML
  Rendering welcome/home.html.erb within layouts/application
  Rendered welcome/home.html.erb within layouts/application (5.0ms)
Completed 200 OK in 45ms (Views: 33.6ms | ActiveRecord: 0.0ms)


Started GET "/" for 127.0.0.1 at 2017-04-02 18:46:38 -0400
  
ActiveRecord::PendingMigrationError (

Migrations are pending. To resolve this issue, run:

        bin/rails db:migrate RAILS_ENV=development

):
  
vendor/ruby/2.2.0/gems/activerecord-5.0.2/lib/active_record/migration.rb:573:in `check_pending!'
vendor/ruby/2.2.0/gems/activerecord-5.0.2/lib/active_record/migration.rb:549:in `call'
vendor/ruby/2.2.0/gems/actionpack-5.0.2/lib/action_dispatch/middleware/callbacks.rb:38:in `block in call'
vendor/ruby/2.2.0/gems/activesupport-5.0.2/lib/active_support/callbacks.rb:97:in `__run_callbacks__'
vendor/ruby/2.2.0/gems/activesupport-5.0.2/lib/active_support/callbacks.rb:750:in `_run_call_callbacks'
vendor/ruby/2.2.0/gems/activesupport-5.0.2/lib/active_support/callbacks.rb:90:in `run_callbacks'
vendor/ruby/2.2.0/gems/actionpack-5.0.2/lib/action_dispatch/middleware/callbacks.rb:36:in `call'
vendor/ruby/2.2.0/gems/actionpack-5.0.2/lib/action_dispatch/middleware/executor.rb:12:in `call'
vendor/ruby/2.2.0/gems/actionpack-5.0.2/lib/action_dispatch/middleware/remote_ip.rb:79:in `call'
vendor/ruby/2.2.0/gems/actionpack-5.0.2/lib/action_dispatch/middleware/debug_exceptions.rb:49:in `call'
vendor/ruby/2.2.0/gems/web-console-3.4.0/lib/web_console/middleware.rb:135:in `call_app'
vendor/ruby/2.2.0/gems/web-console-3.4.0/lib/web_console/middleware.rb:28:in `block in call'
vendor/ruby/2.2.0/gems/web-console-3.4.0/lib/web_console/middleware.rb:18:in `catch'
vendor/ruby/2.2.0/gems/web-console-3.4.0/lib/web_console/middleware.rb:18:in `call'
vendor/ruby/2.2.0/gems/actionpack-5.0.2/lib/action_dispatch/middleware/show_exceptions.rb:31:in `call'
vendor/ruby/2.2.0/gems/railties-5.0.2/lib/rails/rack/logger.rb:36:in `call_app'
vendor/ruby/2.2.0/gems/railties-5.0.2/lib/rails/rack/logger.rb:24:in `block in call'
vendor/ruby/2.2.0/gems/activesupport-5.0.2/lib/active_support/tagged_logging.rb:69:in `block in tagged'
vendor/ruby/2.2.0/gems/activesupport-5.0.2/lib/active_support/tagged_logging.rb:26:in `tagged'
vendor/ruby/2.2.0/gems/activesupport-5.0.2/lib/active_support/tagged_logging.rb:69:in `tagged'
vendor/ruby/2.2.0/gems/railties-5.0.2/lib/rails/rack/logger.rb:24:in `call'
vendor/ruby/2.2.0/gems/sprockets-rails-3.2.0/lib/sprockets/rails/quiet_assets.rb:13:in `call'
vendor/ruby/2.2.0/gems/actionpack-5.0.2/lib/action_dispatch/middleware/request_id.rb:24:in `call'
vendor/ruby/2.2.0/gems/rack-2.0.1/lib/rack/method_override.rb:22:in `call'
vendor/ruby/2.2.0/gems/rack-2.0.1/lib/rack/runtime.rb:22:in `call'
vendor/ruby/2.2.0/gems/activesupport-5.0.2/lib/active_support/cache/strategy/local_cache_middleware.rb:28:in `call'
vendor/ruby/2.2.0/gems/actionpack-5.0.2/lib/action_dispatch/middleware/executor.rb:12:in `call'
vendor/ruby/2.2.0/gems/actionpack-5.0.2/lib/action_dispatch/middleware/static.rb:136:in `call'
vendor/ruby/2.2.0/gems/rack-2.0.1/lib/rack/sendfile.rb:111:in `call'
vendor/ruby/2.2.0/gems/railties-5.0.2/lib/rails/engine.rb:522:in `call'
vendor/ruby/2.2.0/gems/puma-3.8.2/lib/puma/configuration.rb:224:in `call'
vendor/ruby/2.2.0/gems/puma-3.8.2/lib/puma/server.rb:600:in `handle_request'
vendor/ruby/2.2.0/gems/puma-3.8.2/lib/puma/server.rb:435:in `process_client'
vendor/ruby/2.2.0/gems/puma-3.8.2/lib/puma/server.rb:299:in `block in run'
vendor/ruby/2.2.0/gems/puma-3.8.2/lib/puma/thread_pool.rb:120:in `call'
vendor/ruby/2.2.0/gems/puma-3.8.2/lib/puma/thread_pool.rb:120:in `block in spawn_thread'
  Rendering vendor/ruby/2.2.0/gems/actionpack-5.0.2/lib/action_dispatch/middleware/templates/rescues/diagnostics.html.erb within rescues/layout
  Rendering vendor/ruby/2.2.0/gems/actionpack-5.0.2/lib/action_dispatch/middleware/templates/rescues/_source.html.erb
  Rendered vendor/ruby/2.2.0/gems/actionpack-5.0.2/lib/action_dispatch/middleware/templates/rescues/_source.html.erb (1.5ms)
  Rendering vendor/ruby/2.2.0/gems/actionpack-5.0.2/lib/action_dispatch/middleware/templates/rescues/_trace.html.erb
  Rendered vendor/ruby/2.2.0/gems/actionpack-5.0.2/lib/action_dispatch/middleware/templates/rescues/_trace.html.erb (1.0ms)
  Rendering vendor/ruby/2.2.0/gems/actionpack-5.0.2/lib/action_dispatch/middleware/templates/rescues/_request_and_response.html.erb
  Rendered vendor/ruby/2.2.0/gems/actionpack-5.0.2/lib/action_dispatch/middleware/templates/rescues/_request_and_response.html.erb (1.0ms)
  Rendered vendor/ruby/2.2.0/gems/actionpack-5.0.2/lib/action_dispatch/middleware/templates/rescues/diagnostics.html.erb within rescues/layout (597.7ms)
Started GET "/" for ::1 at 2017-04-02 18:53:38 -0400
  
ActiveRecord::PendingMigrationError (

Migrations are pending. To resolve this issue, run:

        bin/rails db:migrate RAILS_ENV=development

):
  
vendor/ruby/2.2.0/gems/activerecord-5.0.2/lib/active_record/migration.rb:573:in `check_pending!'
vendor/ruby/2.2.0/gems/activerecord-5.0.2/lib/active_record/migration.rb:549:in `call'
vendor/ruby/2.2.0/gems/actionpack-5.0.2/lib/action_dispatch/middleware/callbacks.rb:38:in `block in call'
vendor/ruby/2.2.0/gems/activesupport-5.0.2/lib/active_support/callbacks.rb:97:in `__run_callbacks__'
vendor/ruby/2.2.0/gems/activesupport-5.0.2/lib/active_support/callbacks.rb:750:in `_run_call_callbacks'
vendor/ruby/2.2.0/gems/activesupport-5.0.2/lib/active_support/callbacks.rb:90:in `run_callbacks'
vendor/ruby/2.2.0/gems/actionpack-5.0.2/lib/action_dispatch/middleware/callbacks.rb:36:in `call'
vendor/ruby/2.2.0/gems/actionpack-5.0.2/lib/action_dispatch/middleware/executor.rb:12:in `call'
vendor/ruby/2.2.0/gems/actionpack-5.0.2/lib/action_dispatch/middleware/remote_ip.rb:79:in `call'
vendor/ruby/2.2.0/gems/actionpack-5.0.2/lib/action_dispatch/middleware/debug_exceptions.rb:49:in `call'
vendor/ruby/2.2.0/gems/web-console-3.4.0/lib/web_console/middleware.rb:135:in `call_app'
vendor/ruby/2.2.0/gems/web-console-3.4.0/lib/web_console/middleware.rb:28:in `block in call'
vendor/ruby/2.2.0/gems/web-console-3.4.0/lib/web_console/middleware.rb:18:in `catch'
vendor/ruby/2.2.0/gems/web-console-3.4.0/lib/web_console/middleware.rb:18:in `call'
vendor/ruby/2.2.0/gems/actionpack-5.0.2/lib/action_dispatch/middleware/show_exceptions.rb:31:in `call'
vendor/ruby/2.2.0/gems/railties-5.0.2/lib/rails/rack/logger.rb:36:in `call_app'
vendor/ruby/2.2.0/gems/railties-5.0.2/lib/rails/rack/logger.rb:24:in `block in call'
vendor/ruby/2.2.0/gems/activesupport-5.0.2/lib/active_support/tagged_logging.rb:69:in `block in tagged'
vendor/ruby/2.2.0/gems/activesupport-5.0.2/lib/active_support/tagged_logging.rb:26:in `tagged'
vendor/ruby/2.2.0/gems/activesupport-5.0.2/lib/active_support/tagged_logging.rb:69:in `tagged'
vendor/ruby/2.2.0/gems/railties-5.0.2/lib/rails/rack/logger.rb:24:in `call'
vendor/ruby/2.2.0/gems/sprockets-rails-3.2.0/lib/sprockets/rails/quiet_assets.rb:13:in `call'
vendor/ruby/2.2.0/gems/actionpack-5.0.2/lib/action_dispatch/middleware/request_id.rb:24:in `call'
vendor/ruby/2.2.0/gems/rack-2.0.1/lib/rack/method_override.rb:22:in `call'
vendor/ruby/2.2.0/gems/rack-2.0.1/lib/rack/runtime.rb:22:in `call'
vendor/ruby/2.2.0/gems/activesupport-5.0.2/lib/active_support/cache/strategy/local_cache_middleware.rb:28:in `call'
vendor/ruby/2.2.0/gems/actionpack-5.0.2/lib/action_dispatch/middleware/executor.rb:12:in `call'
vendor/ruby/2.2.0/gems/actionpack-5.0.2/lib/action_dispatch/middleware/static.rb:136:in `call'
vendor/ruby/2.2.0/gems/rack-2.0.1/lib/rack/sendfile.rb:111:in `call'
vendor/ruby/2.2.0/gems/railties-5.0.2/lib/rails/engine.rb:522:in `call'
vendor/ruby/2.2.0/gems/puma-3.8.2/lib/puma/configuration.rb:224:in `call'
vendor/ruby/2.2.0/gems/puma-3.8.2/lib/puma/server.rb:600:in `handle_request'
vendor/ruby/2.2.0/gems/puma-3.8.2/lib/puma/server.rb:435:in `process_client'
vendor/ruby/2.2.0/gems/puma-3.8.2/lib/puma/server.rb:299:in `block in run'
vendor/ruby/2.2.0/gems/puma-3.8.2/lib/puma/thread_pool.rb:120:in `call'
vendor/ruby/2.2.0/gems/puma-3.8.2/lib/puma/thread_pool.rb:120:in `block in spawn_thread'
  Rendering vendor/ruby/2.2.0/gems/actionpack-5.0.2/lib/action_dispatch/middleware/templates/rescues/diagnostics.html.erb within rescues/layout
  Rendering vendor/ruby/2.2.0/gems/actionpack-5.0.2/lib/action_dispatch/middleware/templates/rescues/_source.html.erb
  Rendered vendor/ruby/2.2.0/gems/actionpack-5.0.2/lib/action_dispatch/middleware/templates/rescues/_source.html.erb (1.5ms)
  Rendering vendor/ruby/2.2.0/gems/actionpack-5.0.2/lib/action_dispatch/middleware/templates/rescues/_trace.html.erb
  Rendered vendor/ruby/2.2.0/gems/actionpack-5.0.2/lib/action_dispatch/middleware/templates/rescues/_trace.html.erb (1.5ms)
  Rendering vendor/ruby/2.2.0/gems/actionpack-5.0.2/lib/action_dispatch/middleware/templates/rescues/_request_and_response.html.erb
  Rendered vendor/ruby/2.2.0/gems/actionpack-5.0.2/lib/action_dispatch/middleware/templates/rescues/_request_and_response.html.erb (0.5ms)
  Rendered vendor/ruby/2.2.0/gems/actionpack-5.0.2/lib/action_dispatch/middleware/templates/rescues/diagnostics.html.erb within rescues/layout (655.7ms)
Started GET "/" for ::1 at 2017-04-02 18:54:01 -0400
Processing by WelcomeController#home as HTML
  Rendering welcome/home.html.erb within layouts/application
  Rendered welcome/home.html.erb within layouts/application (121.1ms)
Completed 200 OK in 169ms (Views: 151.4ms | ActiveRecord: 0.0ms)


Started GET "/" for ::1 at 2017-04-02 18:57:02 -0400
Processing by WelcomeController#home as HTML
  Rendering welcome/home.html.erb within layouts/application
  Rendered welcome/home.html.erb within layouts/application (5.0ms)
Completed 200 OK in 42ms (Views: 33.3ms | ActiveRecord: 0.0ms)


Started GET "/" for ::1 at 2017-04-02 18:57:17 -0400
Processing by WelcomeController#home as HTML
  Rendering welcome/home.html.erb within layouts/application
  Rendered welcome/home.html.erb within layouts/application (4.5ms)
Completed 200 OK in 40ms (Views: 31.1ms | ActiveRecord: 0.0ms)


Started GET "/" for ::1 at 2017-04-02 18:57:38 -0400
Processing by WelcomeController#home as HTML
  Rendering welcome/home.html.erb within layouts/application
  Rendered welcome/home.html.erb within layouts/application (6.0ms)
Completed 200 OK in 39ms (Views: 30.0ms | ActiveRecord: 0.0ms)


Started GET "/" for ::1 at 2017-04-02 18:58:30 -0400
Processing by WelcomeController#home as HTML
  Rendering welcome/home.html.erb within layouts/application
  Rendered welcome/home.html.erb within layouts/application (5.0ms)
Completed 200 OK in 41ms (Views: 31.6ms | ActiveRecord: 0.0ms)


Started GET "/" for ::1 at 2017-04-02 18:58:59 -0400
Processing by WelcomeController#home as HTML
  Rendering welcome/home.html.erb within layouts/application
  Rendered welcome/home.html.erb within layouts/application (6.0ms)
Completed 200 OK in 45ms (Views: 35.6ms | ActiveRecord: 0.0ms)


Started GET "/" for ::1 at 2017-04-02 18:59:10 -0400
Processing by WelcomeController#home as HTML
  Rendering welcome/home.html.erb within layouts/application
  Rendered welcome/home.html.erb within layouts/application (4.5ms)
Completed 200 OK in 39ms (Views: 31.1ms | ActiveRecord: 0.0ms)


Started GET "/" for ::1 at 2017-04-02 18:59:44 -0400
Processing by WelcomeController#home as HTML
  Rendering welcome/home.html.erb within layouts/application
  Rendered welcome/home.html.erb within layouts/application (7.0ms)
Completed 200 OK in 40ms (Views: 32.1ms | ActiveRecord: 0.0ms)


Started GET "/" for ::1 at 2017-04-02 19:00:11 -0400
Processing by WelcomeController#home as HTML
  Rendering welcome/home.html.erb within layouts/application
  Rendered welcome/home.html.erb within layouts/application (5.0ms)
Completed 200 OK in 38ms (Views: 29.7ms | ActiveRecord: 0.0ms)


Started GET "/" for ::1 at 2017-04-02 19:03:29 -0400
Processing by WelcomeController#home as HTML
  Rendering welcome/home.html.erb within layouts/application
  Rendered welcome/home.html.erb within layouts/application (5.0ms)
Completed 200 OK in 38ms (Views: 29.2ms | ActiveRecord: 0.0ms)


Started GET "/" for ::1 at 2017-04-02 19:03:49 -0400
Processing by WelcomeController#home as HTML
  Rendering welcome/home.html.erb within layouts/application
  Rendered welcome/home.html.erb within layouts/application (4.5ms)
Completed 200 OK in 38ms (Views: 30.2ms | ActiveRecord: 0.0ms)


Started GET "/" for ::1 at 2017-04-02 19:06:43 -0400
Processing by WelcomeController#home as HTML
  Rendering welcome/home.html.erb within layouts/application
  Rendered welcome/home.html.erb within layouts/application (5.0ms)
Completed 200 OK in 39ms (Views: 29.8ms | ActiveRecord: 0.0ms)


Started GET "/" for ::1 at 2017-04-02 19:09:47 -0400
Processing by WelcomeController#home as HTML
  Rendering welcome/home.html.erb within layouts/application
  Rendered welcome/home.html.erb within layouts/application (5.0ms)
Completed 200 OK in 38ms (Views: 29.6ms | ActiveRecord: 0.0ms)


Started GET "/" for ::1 at 2017-04-02 19:10:13 -0400
Processing by WelcomeController#home as HTML
  Rendering welcome/home.html.erb within layouts/application
  Rendered welcome/home.html.erb within layouts/application (5.0ms)
Completed 200 OK in 39ms (Views: 30.3ms | ActiveRecord: 0.0ms)


Started GET "/" for ::1 at 2017-04-02 19:11:15 -0400
Processing by WelcomeController#home as HTML
  Rendering welcome/home.html.erb within layouts/application
  Rendered welcome/home.html.erb within layouts/application (5.0ms)
Completed 200 OK in 40ms (Views: 31.1ms | ActiveRecord: 0.0ms)


Started GET "/" for ::1 at 2017-04-02 19:12:10 -0400
Processing by WelcomeController#home as HTML
  Rendering welcome/home.html.erb within layouts/application
  Rendered welcome/home.html.erb within layouts/application (5.0ms)
Completed 200 OK in 39ms (Views: 30.6ms | ActiveRecord: 0.0ms)


Started GET "/" for ::1 at 2017-04-02 19:12:19 -0400
Processing by WelcomeController#home as HTML
  Rendering welcome/home.html.erb within layouts/application
  Rendered welcome/home.html.erb within layouts/application (5.0ms)
Completed 200 OK in 40ms (Views: 30.9ms | ActiveRecord: 0.0ms)


Started GET "/" for ::1 at 2017-04-02 19:12:20 -0400
Processing by WelcomeController#home as HTML
  Rendering welcome/home.html.erb within layouts/application
  Rendered welcome/home.html.erb within layouts/application (5.0ms)
Completed 200 OK in 40ms (Views: 31.8ms | ActiveRecord: 0.0ms)


Started GET "/" for ::1 at 2017-04-02 19:12:36 -0400
Processing by WelcomeController#home as HTML
  Rendering welcome/home.html.erb within layouts/application
  Rendered welcome/home.html.erb within layouts/application (5.0ms)
Completed 200 OK in 38ms (Views: 29.3ms | ActiveRecord: 0.0ms)


Started GET "/" for ::1 at 2017-04-02 19:13:10 -0400
Processing by WelcomeController#home as HTML
  Rendering welcome/home.html.erb within layouts/application
  Rendered welcome/home.html.erb within layouts/application (6.5ms)
Completed 200 OK in 41ms (Views: 32.8ms | ActiveRecord: 0.0ms)


Started GET "/" for ::1 at 2017-04-02 19:16:51 -0400
Processing by WelcomeController#home as HTML
  Rendering welcome/home.html.erb within layouts/application
  Rendered welcome/home.html.erb within layouts/application (19.5ms)
Completed 200 OK in 53ms (Views: 43.6ms | ActiveRecord: 0.0ms)


Started GET "/" for ::1 at 2017-04-02 19:17:11 -0400
Processing by WelcomeController#home as HTML
  Rendering welcome/home.html.erb within layouts/application
  Rendered welcome/home.html.erb within layouts/application (7.0ms)
Completed 200 OK in 50ms (Views: 38.0ms | ActiveRecord: 0.0ms)


Started GET "/" for ::1 at 2017-04-02 19:18:14 -0400
Processing by WelcomeController#home as HTML
  Rendering welcome/home.html.erb within layouts/application
  Rendered welcome/home.html.erb within layouts/application (6.5ms)
Completed 200 OK in 39ms (Views: 30.8ms | ActiveRecord: 0.0ms)


Started GET "/" for ::1 at 2017-04-02 19:18:34 -0400
Processing by WelcomeController#home as HTML
  Rendering welcome/home.html.erb within layouts/application
  Rendered welcome/home.html.erb within layouts/application (8.0ms)
Completed 200 OK in 46ms (Views: 37.6ms | ActiveRecord: 0.0ms)


Started GET "/" for ::1 at 2017-04-02 19:24:39 -0400
Processing by WelcomeController#home as HTML
  Rendering welcome/home.html.erb within layouts/application
  Rendered welcome/home.html.erb within layouts/application (6.5ms)
Completed 200 OK in 40ms (Views: 30.9ms | ActiveRecord: 0.0ms)


Started GET "/" for ::1 at 2017-04-02 19:25:27 -0400
Processing by WelcomeController#home as HTML
  Rendering welcome/home.html.erb within layouts/application
  Rendered welcome/home.html.erb within layouts/application (6.5ms)
Completed 200 OK in 39ms (Views: 30.8ms | ActiveRecord: 0.0ms)


Started GET "/" for ::1 at 2017-04-02 19:25:45 -0400
Processing by WelcomeController#home as HTML
  Rendering welcome/home.html.erb within layouts/application
  Rendered welcome/home.html.erb within layouts/application (8.0ms)
Completed 200 OK in 49ms (Views: 38.0ms | ActiveRecord: 0.0ms)


Started GET "/" for ::1 at 2017-04-02 19:25:47 -0400
Processing by WelcomeController#home as HTML
  Rendering welcome/home.html.erb within layouts/application
  Rendered welcome/home.html.erb within layouts/application (7.5ms)
Completed 200 OK in 41ms (Views: 32.5ms | ActiveRecord: 0.0ms)


Started GET "/" for ::1 at 2017-04-02 19:26:01 -0400
Processing by WelcomeController#home as HTML
  Rendering welcome/home.html.erb within layouts/application
  Rendered welcome/home.html.erb within layouts/application (13.5ms)
Completed 200 OK in 46ms (Views: 38.0ms | ActiveRecord: 0.0ms)


Started GET "/" for ::1 at 2017-04-02 19:26:14 -0400
Processing by WelcomeController#home as HTML
  Rendering welcome/home.html.erb within layouts/application
  Rendered welcome/home.html.erb within layouts/application (6.5ms)
Completed 200 OK in 40ms (Views: 31.0ms | ActiveRecord: 0.0ms)


Started GET "/" for ::1 at 2017-04-02 19:26:55 -0400
Processing by WelcomeController#home as HTML
  Rendering welcome/home.html.erb within layouts/application
  Rendered welcome/home.html.erb within layouts/application (9.0ms)
Completed 200 OK in 43ms (Views: 34.1ms | ActiveRecord: 0.0ms)


Started GET "/" for ::1 at 2017-04-02 19:27:10 -0400
Processing by WelcomeController#home as HTML
  Rendering welcome/home.html.erb within layouts/application
  Rendered welcome/home.html.erb within layouts/application (6.0ms)
Completed 200 OK in 39ms (Views: 31.1ms | ActiveRecord: 0.0ms)


Started GET "/" for ::1 at 2017-04-02 19:31:27 -0400
Processing by WelcomeController#home as HTML
  Rendering welcome/home.html.erb within layouts/application
  Rendered welcome/home.html.erb within layouts/application (9.0ms)
Completed 200 OK in 44ms (Views: 35.2ms | ActiveRecord: 0.0ms)


Started GET "/" for ::1 at 2017-04-02 19:31:44 -0400
Processing by WelcomeController#home as HTML
  Rendering welcome/home.html.erb within layouts/application
  Rendered welcome/home.html.erb within layouts/application (8.0ms)
Completed 200 OK in 47ms (Views: 38.3ms | ActiveRecord: 0.0ms)


Started GET "/" for ::1 at 2017-04-02 19:34:25 -0400
Processing by WelcomeController#home as HTML
  Rendering welcome/home.html.erb within layouts/application
  Rendered welcome/home.html.erb within layouts/application (10.0ms)
Completed 200 OK in 44ms (Views: 34.7ms | ActiveRecord: 0.0ms)


Started GET "/" for ::1 at 2017-04-02 19:34:46 -0400
Processing by WelcomeController#home as HTML
  Rendering welcome/home.html.erb within layouts/application
  Rendered welcome/home.html.erb within layouts/application (10.0ms)
Completed 200 OK in 47ms (Views: 36.8ms | ActiveRecord: 0.0ms)


Started GET "/" for ::1 at 2017-04-02 19:35:16 -0400
Processing by WelcomeController#home as HTML
  Rendering welcome/home.html.erb within layouts/application
  Rendered welcome/home.html.erb within layouts/application (11.2ms)
Completed 200 OK in 40ms (Views: 31.4ms | ActiveRecord: 0.0ms)


Started GET "/" for ::1 at 2017-04-02 19:35:29 -0400
Processing by WelcomeController#home as HTML
  Rendering welcome/home.html.erb within layouts/application
  Rendered welcome/home.html.erb within layouts/application (5.5ms)
Completed 200 OK in 38ms (Views: 30.2ms | ActiveRecord: 0.0ms)


Started GET "/" for ::1 at 2017-04-02 19:37:21 -0400
Processing by WelcomeController#home as HTML
  Rendering welcome/home.html.erb within layouts/application
  Rendered welcome/home.html.erb within layouts/application (7.5ms)
Completed 200 OK in 41ms (Views: 32.9ms | ActiveRecord: 0.0ms)


Started GET "/" for ::1 at 2017-04-02 19:38:36 -0400
Processing by WelcomeController#home as HTML
  Rendering welcome/home.html.erb within layouts/application
  Rendered welcome/home.html.erb within layouts/application (5.5ms)
Completed 200 OK in 42ms (Views: 30.6ms | ActiveRecord: 0.0ms)


